[debug] [2025-02-02T05:14:54.154Z] ----------------------------------------------------------------------
[debug] [2025-02-02T05:14:54.157Z] Command:       C:\Program Files\nodejs\node.exe C:\Users\82102\AppData\Roaming\npm\node_modules\firebase-tools\lib\bin\firebase.js init
[debug] [2025-02-02T05:14:54.157Z] CLI Version:   13.29.3
[debug] [2025-02-02T05:14:54.157Z] Platform:      win32
[debug] [2025-02-02T05:14:54.157Z] Node Version:  v20.15.1
[debug] [2025-02-02T05:14:54.157Z] Time:          Sun Feb 02 2025 14:14:54 GMT+0900 (대한민국 표준시)
[debug] [2025-02-02T05:14:54.157Z] ----------------------------------------------------------------------
[debug] 
[debug] [2025-02-02T05:14:54.160Z] >>> [apiv2][query] GET https://firebase-public.firebaseio.com/cli.json [none]
[debug] [2025-02-02T05:14:54.194Z] > command requires scopes: ["email","openid","https://www.googleapis.com/auth/cloudplatformprojects.readonly","https://www.googleapis.com/auth/firebase","https://www.googleapis.com/auth/cloud-platform"]
[debug] [2025-02-02T05:14:54.194Z] > authorizing via signed-in user (woor16645@gmail.com)
[info] 
     ######## #### ########  ######## ########     ###     ######  ########
     ##        ##  ##     ## ##       ##     ##  ##   ##  ##       ##
     ######    ##  ########  ######   ########  #########  ######  ######
     ##        ##  ##    ##  ##       ##     ## ##     ##       ## ##
     ##       #### ##     ## ######## ########  ##     ##  ######  ########

You're about to initialize a Firebase project in this directory:

  D:\project\portfolio

[debug] [2025-02-02T05:14:54.586Z] <<< [apiv2][status] GET https://firebase-public.firebaseio.com/cli.json 200
[debug] [2025-02-02T05:14:54.586Z] <<< [apiv2][body] GET https://firebase-public.firebaseio.com/cli.json {"cloudBuildErrorAfter":1594252800000,"cloudBuildWarnAfter":1590019200000,"defaultNode10After":1594252800000,"minVersion":"3.0.5","node8DeploysDisabledAfter":1613390400000,"node8RuntimeDisabledAfter":1615809600000,"node8WarnAfter":1600128000000}
